  AppWindow.cpp
D:\Папка, чтобы удалить\GeometryModellingLabs\Lab2\AppWindow.cpp(12,12): warning C4244: инициализация: преобразование "float" в "Uint64", возможна потеря данных
D:\Папка, чтобы удалить\GeometryModellingLabs\Lab2\AppWindow.cpp(81,25): warning C4244: аргумент: преобразование "Uint64" в "Uint32", возможна потеря данных
  Lab2.cpp
D:\Папка, чтобы удалить\GeometryModellingLabs\Lab2\Functions.h(25,40): warning C4244: аргумент: преобразование "int" в "float", возможна потеря данных
D:\Папка, чтобы удалить\GeometryModellingLabs\Lab2\Functions.h(25,71): warning C4244: аргумент: преобразование "int" в "float", возможна потеря данных
D:\Папка, чтобы удалить\GeometryModellingLabs\Lab2\Examples.h(89,13): warning C4244: инициализация: преобразование "int" в "float", возможна потеря данных
D:\Папка, чтобы удалить\GeometryModellingLabs\Lab2\Examples.h(99,13): warning C4244: инициализация: преобразование "float" в "Uint8", возможна потеря данных
D:\Папка, чтобы удалить\GeometryModellingLabs\Lab2\Examples.h(114,81): warning C4244: инициализация: преобразование "int" в "float", возможна потеря данных
D:\Папка, чтобы удалить\GeometryModellingLabs\Lab2\Examples.h(114,29): warning C4244: инициализация: преобразование "int" в "const float", возможна потеря данных
D:\Папка, чтобы удалить\GeometryModellingLabs\Lab2\Examples.h(116,81): warning C4244: инициализация: преобразование "int" в "float", возможна потеря данных
D:\Папка, чтобы удалить\GeometryModellingLabs\Lab2\Examples.h(116,29): warning C4244: инициализация: преобразование "int" в "const float", возможна потеря данных
D:\Папка, чтобы удалить\GeometryModellingLabs\Lab2\Examples.h(138,13): warning C4244: инициализация: преобразование "int" в "float", возможна потеря данных
D:\Папка, чтобы удалить\GeometryModellingLabs\Lab2\Examples.h(146,15): warning C4244: инициализация: преобразование "float" в "uint8_t", возможна потеря данных
D:\Папка, чтобы удалить\GeometryModellingLabs\Lab2\Lab2.cpp(15,53): warning C4838: Преобразование из "double" в "int" требует сужающего преобразования.
D:\Папка, чтобы удалить\GeometryModellingLabs\Lab2\Lab2.cpp(15,53): warning C4244: инициализация: преобразование "double" в "int", возможна потеря данных
D:\Папка, чтобы удалить\GeometryModellingLabs\Lab2\Lab2.cpp(16,55): warning C4244: инициализация: преобразование "int" в "float", возможна потеря данных
D:\Папка, чтобы удалить\GeometryModellingLabs\Lab2\Lab2.cpp(16,28): warning C4244: инициализация: преобразование "int" в "const float", возможна потеря данных
D:\Папка, чтобы удалить\GeometryModellingLabs\Lab2\Lab2.cpp(17,57): warning C4838: Преобразование из "double" в "int" требует сужающего преобразования.
D:\Папка, чтобы удалить\GeometryModellingLabs\Lab2\Lab2.cpp(17,57): warning C4244: инициализация: преобразование "double" в "int", возможна потеря данных
D:\Папка, чтобы удалить\GeometryModellingLabs\Lab2\Lab2.cpp(18,55): warning C4244: инициализация: преобразование "int" в "float", возможна потеря данных
D:\Папка, чтобы удалить\GeometryModellingLabs\Lab2\Lab2.cpp(18,28): warning C4244: инициализация: преобразование "int" в "const float", возможна потеря данных
D:\Папка, чтобы удалить\GeometryModellingLabs\Lab2\Lab2.cpp(22,41): warning C4838: Преобразование из "double" в "int" требует сужающего преобразования.
D:\Папка, чтобы удалить\GeometryModellingLabs\Lab2\Lab2.cpp(22,41): warning C4244: инициализация: преобразование "double" в "int", возможна потеря данных
D:\Папка, чтобы удалить\GeometryModellingLabs\Lab2\Lab2.cpp(23,55): warning C4244: инициализация: преобразование "int" в "float", возможна потеря данных
D:\Папка, чтобы удалить\GeometryModellingLabs\Lab2\Lab2.cpp(23,28): warning C4244: инициализация: преобразование "int" в "const float", возможна потеря данных
D:\Папка, чтобы удалить\GeometryModellingLabs\Lab2\Lab2.cpp(26,55): warning C4244: инициализация: преобразование "int" в "float", возможна потеря данных
D:\Папка, чтобы удалить\GeometryModellingLabs\Lab2\Lab2.cpp(26,28): warning C4244: инициализация: преобразование "int" в "const float", возможна потеря данных
D:\Папка, чтобы удалить\GeometryModellingLabs\Lab2\Lab2.cpp(28,53): warning C4838: Преобразование из "double" в "int" требует сужающего преобразования.
D:\Папка, чтобы удалить\GeometryModellingLabs\Lab2\Lab2.cpp(28,53): warning C4244: инициализация: преобразование "double" в "int", возможна потеря данных
D:\Папка, чтобы удалить\GeometryModellingLabs\Lab2\Lab2.cpp(29,55): warning C4244: инициализация: преобразование "int" в "float", возможна потеря данных
D:\Папка, чтобы удалить\GeometryModellingLabs\Lab2\Lab2.cpp(29,28): warning C4244: инициализация: преобразование "int" в "const float", возможна потеря данных
D:\Папка, чтобы удалить\GeometryModellingLabs\Lab2\Lab2.cpp(31,41): warning C4838: Преобразование из "double" в "int" требует сужающего преобразования.
D:\Папка, чтобы удалить\GeometryModellingLabs\Lab2\Lab2.cpp(31,41): warning C4244: инициализация: преобразование "double" в "int", возможна потеря данных
D:\Папка, чтобы удалить\GeometryModellingLabs\Lab2\Lab2.cpp(31,55): warning C4838: Преобразование из "double" в "int" требует сужающего преобразования.
D:\Папка, чтобы удалить\GeometryModellingLabs\Lab2\Lab2.cpp(31,55): warning C4244: инициализация: преобразование "double" в "int", возможна потеря данных
D:\Папка, чтобы удалить\GeometryModellingLabs\Lab2\Lab2.cpp(32,55): warning C4244: инициализация: преобразование "int" в "float", возможна потеря данных
D:\Папка, чтобы удалить\GeometryModellingLabs\Lab2\Lab2.cpp(32,28): warning C4244: инициализация: преобразование "int" в "const float", возможна потеря данных
D:\Папка, чтобы удалить\GeometryModellingLabs\Lab2\Lab2.cpp(115,24): warning C4244: инициализация: преобразование "double" в "uint8_t", возможна потеря данных
D:\Папка, чтобы удалить\GeometryModellingLabs\Lab2\Lab2.cpp(144,25): warning C4244: -=: преобразование "double" в "int", возможна потеря данных
D:\Папка, чтобы удалить\GeometryModellingLabs\Lab2\Lab2.cpp(145,25): warning C4244: +=: преобразование "double" в "int", возможна потеря данных
  MImageCalculator.cpp
D:\Папка, чтобы удалить\GeometryModellingLabs\Lab2\Functions.h(25,40): warning C4244: аргумент: преобразование "int" в "float", возможна потеря данных
D:\Папка, чтобы удалить\GeometryModellingLabs\Lab2\Functions.h(25,71): warning C4244: аргумент: преобразование "int" в "float", возможна потеря данных
D:\Папка, чтобы удалить\GeometryModellingLabs\Lab2\MImageCalculator.cpp(28,11): warning C4244: инициализация: преобразование "int" в "float", возможна потеря данных
D:\Папка, чтобы удалить\GeometryModellingLabs\Lab2\MImageCalculator.cpp(43,11): warning C4244: инициализация: преобразование "float" в "Uint8", возможна потеря данных
  Texture.cpp
  imgui_impl_sdl.cpp
  imgui_impl_sdlrenderer.cpp
  imgui.cpp
  imgui_demo.cpp
  imgui_draw.cpp
  imgui_tables.cpp
  imgui_widgets.cpp
  Создание кода...
  Lab2.vcxproj -> D:\Папка, чтобы удалить\GeometryModellingLabs\Lab2\x64\Debug\Lab2.exe
